
oct 04, 2022 10:49:49.892 NEW SESSION
oct 04, 2022 10:49:49.892 [20504:15092:1004/104949.888:ERROR:device_event_log_impl.cc(214)] [10:49:49.888] Bluetooth: bluetooth_adapter_winrt.cc:1074 Getting Default Adapter failed.
oct 04, 2022 10:54:19.545 [8876:5100:1004/105419.544:ERROR:device_event_log_impl.cc(214)] [10:54:19.544] Bluetooth: bluetooth_adapter_winrt.cc:1074 Getting Default Adapter failed.
oct 04, 2022 10:55:17.460 [8876:13748:1004/105517.460:ERROR:util.cc(129)] Can't create base directory: C:\Program Files\Google\GoogleUpdater
oct 04, 2022 13:49:34.121 [8876:5100:1004/134934.120:ERROR:interface_endpoint_client.cc(689)] Message 0 rejected by interface blink.mojom.WidgetHost

oct 19, 2022 10:30:47.45 NEW SESSION
oct 19, 2022 10:30:47.45 [9168:13308:1019/103047.043:ERROR:device_event_log_impl.cc(214)] [10:30:47.043] Bluetooth: bluetooth_adapter_winrt.cc:1074 Getting Default Adapter failed.
oct 19, 2022 10:42:06.209 [1856:11168:1019/104206.209:ERROR:device_event_log_impl.cc(214)] [10:42:06.209] Bluetooth: bluetooth_adapter_winrt.cc:1074 Getting Default Adapter failed.
oct 19, 2022 10:43:04.108 [1856:11056:1019/104304.108:ERROR:util.cc(129)] Can't create base directory: C:\Program Files\Google\GoogleUpdater

oct 21, 2022 13:29:32.727 NEW SESSION
oct 21, 2022 13:29:32.727 [16452:14052:1021/132932.725:ERROR:device_event_log_impl.cc(214)] [13:29:32.725] Bluetooth: bluetooth_adapter_winrt.cc:1074 Getting Default Adapter failed.
oct 21, 2022 13:30:29.588 [16452:20992:1021/133029.587:ERROR:util.cc(129)] Can't create base directory: C:\Program Files\Google\GoogleUpdater
oct 21, 2022 13:32:34.734 [11780:20888:1021/133234.734:ERROR:device_event_log_impl.cc(214)] [13:32:34.734] Bluetooth: bluetooth_adapter_winrt.cc:1074 Getting Default Adapter failed.
oct 21, 2022 13:33:01.396 [20136:14916:1021/133301.396:ERROR:device_event_log_impl.cc(214)] [13:33:01.396] Bluetooth: bluetooth_adapter_winrt.cc:1074 Getting Default Adapter failed.
oct 21, 2022 13:33:58.311 [20136:10728:1021/133358.310:ERROR:util.cc(129)] Can't create base directory: C:\Program Files\Google\GoogleUpdater
oct 21, 2022 13:37:26.110 [9484:20184:1021/133726.110:ERROR:device_event_log_impl.cc(214)] [13:37:26.110] Bluetooth: bluetooth_adapter_winrt.cc:1074 Getting Default Adapter failed.
oct 21, 2022 13:38:51.424 [12232:10152:1021/133851.423:ERROR:device_event_log_impl.cc(214)] [13:38:51.423] Bluetooth: bluetooth_adapter_winrt.cc:1074 Getting Default Adapter failed.
oct 21, 2022 13:39:48.322 [12232:8700:1021/133948.321:ERROR:util.cc(129)] Can't create base directory: C:\Program Files\Google\GoogleUpdater
oct 21, 2022 13:40:26.311 [11368:16732:1021/134026.311:ERROR:device_event_log_impl.cc(214)] [13:40:26.311] Bluetooth: bluetooth_adapter_winrt.cc:1074 Getting Default Adapter failed.
oct 21, 2022 13:40:38.624 [15228:16948:1021/134038.623:ERROR:device_event_log_impl.cc(214)] [13:40:38.623] Bluetooth: bluetooth_adapter_winrt.cc:1074 Getting Default Adapter failed.
oct 21, 2022 13:41:35.534 [15228:6956:1021/134135.534:ERROR:util.cc(129)] Can't create base directory: C:\Program Files\Google\GoogleUpdater

nov 07, 2022 12:48:24.328 NEW SESSION
nov 07, 2022 12:48:24.328 [3388:12228:1107/124824.323:ERROR:device_event_log_impl.cc(215)] [12:48:24.323] Bluetooth: bluetooth_adapter_winrt.cc:1074 Getting Default Adapter failed.
nov 07, 2022 12:49:21.243 [3388:4568:1107/124921.242:ERROR:util.cc(129)] Can't create base directory: C:\Program Files\Google\GoogleUpdater
nov 07, 2022 12:50:59.960 [9884:1600:1107/125059.960:ERROR:device_event_log_impl.cc(215)] [12:50:59.959] Bluetooth: bluetooth_adapter_winrt.cc:1074 Getting Default Adapter failed.
nov 07, 2022 12:51:50.473 [11032:6324:1107/125150.473:ERROR:device_event_log_impl.cc(215)] [12:51:50.473] Bluetooth: bluetooth_adapter_winrt.cc:1074 Getting Default Adapter failed.
nov 07, 2022 12:52:44.727 [1420:1644:1107/125244.726:ERROR:device_event_log_impl.cc(215)] [12:52:44.726] Bluetooth: bluetooth_adapter_winrt.cc:1074 Getting Default Adapter failed.
nov 07, 2022 12:53:42.681 [1420:1956:1107/125342.680:ERROR:util.cc(129)] Can't create base directory: C:\Program Files\Google\GoogleUpdater
nov 07, 2022 13:00:40.931 [11460:1524:1107/130040.931:ERROR:device_event_log_impl.cc(215)] [13:00:40.931] Bluetooth: bluetooth_adapter_winrt.cc:1074 Getting Default Adapter failed.
nov 07, 2022 13:00:51.42 [5412:3124:1107/130051.042:ERROR:device_event_log_impl.cc(215)] [13:00:51.042] Bluetooth: bluetooth_adapter_winrt.cc:1074 Getting Default Adapter failed.
nov 07, 2022 13:01:30.898 [5312:4268:1107/130130.898:ERROR:device_event_log_impl.cc(215)] [13:01:30.898] Bluetooth: bluetooth_adapter_winrt.cc:1074 Getting Default Adapter failed.
nov 07, 2022 13:02:09.364 [6424:1724:1107/130209.363:ERROR:device_event_log_impl.cc(215)] [13:02:09.363] Bluetooth: bluetooth_adapter_winrt.cc:1074 Getting Default Adapter failed.
nov 07, 2022 13:02:54.405 [2936:1604:1107/130254.405:ERROR:device_event_log_impl.cc(215)] [13:02:54.405] Bluetooth: bluetooth_adapter_winrt.cc:1074 Getting Default Adapter failed.
nov 07, 2022 13:03:51.331 [2936:12200:1107/130351.331:ERROR:util.cc(129)] Can't create base directory: C:\Program Files\Google\GoogleUpdater
nov 07, 2022 13:05:35.12 [12964:13236:1107/130535.011:ERROR:device_event_log_impl.cc(215)] [13:05:35.011] Bluetooth: bluetooth_adapter_winrt.cc:1074 Getting Default Adapter failed.
nov 07, 2022 13:06:32.03 [12964:3744:1107/130632.002:ERROR:util.cc(129)] Can't create base directory: C:\Program Files\Google\GoogleUpdater
nov 07, 2022 13:21:20.686 [2524:7256:1107/132120.685:ERROR:device_event_log_impl.cc(215)] [13:21:20.685] Bluetooth: bluetooth_adapter_winrt.cc:1074 Getting Default Adapter failed.
nov 07, 2022 13:22:18.618 [2524:8900:1107/132218.617:ERROR:util.cc(129)] Can't create base directory: C:\Program Files\Google\GoogleUpdater
